[     505ms] [WARNING] Reflect is already polyfilled. @ https://lf16-tiktok-web.tiktokcdn-us.com/obj/tiktok-web-tx/tiktok/webapp/main/react-v18/webapp-desktop/static/js/webapp-desktop.e3f526d4.js:0
[     537ms] [WARNING] AppContext will be overwritten @ https://lf16-tiktok-web.tiktokcdn-us.com/obj/tiktok-web-tx/tiktok/webapp/main/react-v18/webapp-desktop/static/js/webapp-desktop.e3f526d4.js:0
[     537ms] [WARNING] AppContext will be overwritten @ https://lf16-tiktok-web.tiktokcdn-us.com/obj/tiktok-web-tx/tiktok/webapp/main/react-v18/webapp-desktop/static/js/webapp-desktop.e3f526d4.js:0
[     537ms] [WARNING] AppContext will be overwritten @ https://lf16-tiktok-web.tiktokcdn-us.com/obj/tiktok-web-tx/tiktok/webapp/main/react-v18/webapp-desktop/static/js/webapp-desktop.e3f526d4.js:0
[     537ms] [WARNING] AppContext will be overwritten @ https://lf16-tiktok-web.tiktokcdn-us.com/obj/tiktok-web-tx/tiktok/webapp/main/react-v18/webapp-desktop/static/js/webapp-desktop.e3f526d4.js:0
[     537ms] [WARNING] AppContext will be overwritten @ https://lf16-tiktok-web.tiktokcdn-us.com/obj/tiktok-web-tx/tiktok/webapp/main/react-v18/webapp-desktop/static/js/webapp-desktop.e3f526d4.js:0
[     538ms] [WARNING] AppContext will be overwritten @ https://lf16-tiktok-web.tiktokcdn-us.com/obj/tiktok-web-tx/tiktok/webapp/main/react-v18/webapp-desktop/static/js/webapp-desktop.e3f526d4.js:0
[     538ms] [WARNING] AppContext will be overwritten @ https://lf16-tiktok-web.tiktokcdn-us.com/obj/tiktok-web-tx/tiktok/webapp/main/react-v18/webapp-desktop/static/js/webapp-desktop.e3f526d4.js:0
[     538ms] [WARNING] AppContext will be overwritten @ https://lf16-tiktok-web.tiktokcdn-us.com/obj/tiktok-web-tx/tiktok/webapp/main/react-v18/webapp-desktop/static/js/webapp-desktop.e3f526d4.js:0
[     538ms] [WARNING] AppContext will be overwritten @ https://lf16-tiktok-web.tiktokcdn-us.com/obj/tiktok-web-tx/tiktok/webapp/main/react-v18/webapp-desktop/static/js/webapp-desktop.e3f526d4.js:0
[     552ms] [WARNING] AppContext will be overwritten @ https://lf16-tiktok-web.tiktokcdn-us.com/obj/tiktok-web-tx/tiktok/webapp/main/react-v18/webapp-desktop/static/js/webapp-desktop.e3f526d4.js:0
[     554ms] [WARNING] AppContext will be overwritten @ https://lf16-tiktok-web.tiktokcdn-us.com/obj/tiktok-web-tx/tiktok/webapp/main/react-v18/webapp-desktop/static/js/webapp-desktop.e3f526d4.js:0
[     554ms] [WARNING] loadable: `loadableReady()` requires state, please use `getScriptTags` or `getScriptElements` server-side @ https://lf16-tiktok-web.tiktokcdn-us.com/obj/tiktok-web-tx/tiktok/webapp/main/react-v18/webapp-desktop/static/js/99593.2fe8cbb1.js:1
[     696ms] [INFO] . @ https://lf16-tiktok-web.tiktokcdn-us.com/obj/tiktok-web-tx/webmssdk/2.0.0.485/webmssdk.js:0
[    1529ms] [ERROR] Failed to load resource: the server responded with a status of 400 () @ https://www.tiktok.com/api/inbox/notice_count/?WebIdLastTime=1776214342&aid=1988&app_language=en&app_name=tiktok_web&browser_language=en-US&browser_name=Mozilla&browser_online=true&browser_platform=Win32&browser_version=5.0%20%28Windows%20NT%2010.0%3B%20Win64%3B%20x64%29%20AppleWebKit%2F537.36%20%28KHTML%2C%20like%20Gecko%29%20Chrome%2F147.0.0.0%20Safari%2F537.36&channel=tiktok_web&cookie_enabled=true&data_collection_enabled=false&device_id=7628782485401290254&device_platform=web_pc&focus_state=true&from_page=user&history_len=3&is_fullscreen=false&is_page_visible=true&odinId=7628782489042289677&os=windows&priority_region=&referer=&region=US&screen_height=2560&screen_width=1440&tz_name=America%2FNew_York&user_is_login=false&webcast_language=en:0
[    1546ms] [LOG] ws.opened @ https://lf16-tiktok-web.tiktokcdn-us.com/obj/tiktok-web-tx/tiktok/webapp/main/react-v18/webapp-desktop/static/js/async/64887.aa44c2fe.js:1
[    1571ms] Uncaught (in promise) TypeError: a.init is not a function
    at <anonymous> (https://lf16-tiktok-web.tiktokcdn-us.com/obj/tiktok-web-tx/tiktok/webapp/main/react-v18/webapp-desktop/static/js/async/64887.aa44c2fe.js:1:544225)
    at l (https://lf16-tiktok-web.tiktokcdn-us.com/obj/tiktok-web-tx/tiktok/webapp/main/react-v18/webapp-desktop/static/js/async/64887.aa44c2fe.js:1:537319)
    at <anonymous> (https://lf16-tiktok-web.tiktokcdn-us.com/obj/tiktok-web-tx/tiktok/webapp/main/react-v18/webapp-desktop/static/js/async/64887.aa44c2fe.js:1:538676)
    at <anonymous> (https://lf16-tiktok-web.tiktokcdn-us.com/obj/tiktok-web-tx/tiktok/webapp/main/react-v18/webapp-desktop/static/js/async/64887.aa44c2fe.js:1:537712)
    at <anonymous> (https://lf16-tiktok-web.tiktokcdn-us.com/obj/tiktok-web-tx/tiktok/webapp/main/react-v18/webapp-desktop/static/js/99593.2fe8cbb1.js:1:219491)
    at p (https://lf16-tiktok-web.tiktokcdn-us.com/obj/tiktok-web-tx/tiktok/webapp/main/react-v18/webapp-desktop/static/js/99593.2fe8cbb1.js:1:219240)
    at value (https://lf16-tiktok-web.tiktokcdn-us.com/obj/tiktok-web-tx/tiktok/webapp/main/react-v18/webapp-desktop/static/js/async/64887.aa44c2fe.js:1:543765)
    at value (https://lf16-tiktok-web.tiktokcdn-us.com/obj/tiktok-web-tx/tiktok/webapp/main/react-v18/webapp-desktop/static/js/async/64887.aa44c2fe.js:1:543644)
    at <anonymous> (https://lf16-tiktok-web.tiktokcdn-us.com/obj/tiktok-web-tx/tiktok/webapp/main/react-v18/webapp-desktop/static/js/async/64887.aa44c2fe.js:1:616432)
    at l (https://lf16-tiktok-web.tiktokcdn-us.com/obj/tiktok-web-tx/tiktok/webapp/main/react-v18/webapp-desktop/static/js/async/64887.aa44c2fe.js:1:608621)
    at <anonymous> (https://lf16-tiktok-web.tiktokcdn-us.com/obj/tiktok-web-tx/tiktok/webapp/main/react-v18/webapp-desktop/static/js/async/64887.aa44c2fe.js:1:609978)
    at <anonymous> (https://lf16-tiktok-web.tiktokcdn-us.com/obj/tiktok-web-tx/tiktok/webapp/main/react-v18/webapp-desktop/static/js/async/64887.aa44c2fe.js:1:609014)
    at a (https://lf16-tiktok-web.tiktokcdn-us.com/obj/tiktok-web-tx/tiktok/webapp/main/react-v18/webapp-desktop/static/js/99593.2fe8cbb1.js:1:219296)
[    2024ms] [WARNING] InvalidCharacterError: Failed to execute 'atob' on 'Window': The string to be decoded is not correctly encoded.
    at i (https://lf16-tiktok-web.tiktokcdn-us.com/obj/tiktok-web-tx/tiktok/webapp/main/react-v18/webapp-desktop/static/js/async/24640.5cb8196b.js:1:114586)
    at e.getLoginContext (https://lf16-tiktok-web.tiktokcdn-us.com/obj/tiktok-web-tx/tiktok/webapp/main/react-v18/webapp-desktop/static/js/async/24640.5cb8196b.js:1:39533)
    at https://lf16-tiktok-web.tiktokcdn-us.com/obj/tiktok-web-tx/tiktok/webapp/main/react-v18/webapp-desktop/static/js/async/24640.5cb8196b.js:1:35511
    at v (https://lf16-tiktok-web.tiktokcdn-us.com/obj/tiktok-web-tx/tiktok/webapp/main/react-v18/webapp-desktop/static/js/npm-rxjs.142286d3.js:1:26341)
    at d (https://lf16-tiktok-web.tiktokcdn-us.com/obj/tiktok-web-tx/tiktok/webapp/main/react-v18/webapp-desktop/static/js/npm-rxjs.142286d3.js:1:26289)
    at c._next (https://lf16-tiktok-web.tiktokcdn-us.com/obj/tiktok-web-tx/tiktok/webapp/main/react-v18/webapp-desktop/static/js/npm-rxjs.142286d3.js:1:19650)
    at r.next (https://lf16-tiktok-web.tiktokcdn-us.com/obj/tiktok-web-tx/tiktok/webapp/main/react-v18/webapp-desktop/static/js/npm-rxjs.142286d3.js:1:7391)
    at https://lf16-tiktok-web.tiktokcdn-us.com/obj/tiktok-web-tx/tiktok/webapp/main/react-v18/webapp-desktop/static/js/npm-rxjs.142286d3.js:1:25643
    at c._next (https://lf16-tiktok-web.tiktokcdn-us.com/obj/tiktok-web-tx/tiktok/webapp/main/react-v18/webapp-desktop/static/js/npm-rxjs.142286d3.js:1:19650)
    at r.next (https://lf16-tiktok-web.tiktokcdn-us.com/obj/tiktok-web-tx/tiktok/webapp/main/react-v18/webapp-desktop/static/js/npm-rxjs.142286d3.js:1:7391) @ https://lf16-tiktok-web.tiktokcdn-us.com/obj/tiktok-web-tx/tiktok/webapp/main/react-v18/webapp-desktop/static/js/async/24640.5cb8196b.js:0
