[     427ms] [ERROR] The Content Security Policy directive 'upgrade-insecure-requests' is ignored when delivered in a report-only policy. @ https://www.tiktok.com/@comicvault0/video/7617873828500262175?_r=1&_t=ZP-95bCFjkqw3S:0
[     518ms] [WARNING] Reflect is already polyfilled. @ https://lf16-tiktok-web.tiktokcdn-us.com/obj/tiktok-web-tx/tiktok/webapp/main/react-v18/webapp-desktop/static/js/webapp-desktop.e3f526d4.js:0
[     542ms] [WARNING] AppContext will be overwritten @ https://lf16-tiktok-web.tiktokcdn-us.com/obj/tiktok-web-tx/tiktok/webapp/main/react-v18/webapp-desktop/static/js/webapp-desktop.e3f526d4.js:0
[     543ms] [WARNING] AppContext will be overwritten @ https://lf16-tiktok-web.tiktokcdn-us.com/obj/tiktok-web-tx/tiktok/webapp/main/react-v18/webapp-desktop/static/js/webapp-desktop.e3f526d4.js:0
[     543ms] [WARNING] AppContext will be overwritten @ https://lf16-tiktok-web.tiktokcdn-us.com/obj/tiktok-web-tx/tiktok/webapp/main/react-v18/webapp-desktop/static/js/webapp-desktop.e3f526d4.js:0
[     543ms] [WARNING] AppContext will be overwritten @ https://lf16-tiktok-web.tiktokcdn-us.com/obj/tiktok-web-tx/tiktok/webapp/main/react-v18/webapp-desktop/static/js/webapp-desktop.e3f526d4.js:0
[     543ms] [WARNING] AppContext will be overwritten @ https://lf16-tiktok-web.tiktokcdn-us.com/obj/tiktok-web-tx/tiktok/webapp/main/react-v18/webapp-desktop/static/js/webapp-desktop.e3f526d4.js:0
[     544ms] [WARNING] AppContext will be overwritten @ https://lf16-tiktok-web.tiktokcdn-us.com/obj/tiktok-web-tx/tiktok/webapp/main/react-v18/webapp-desktop/static/js/webapp-desktop.e3f526d4.js:0
[     544ms] [WARNING] AppContext will be overwritten @ https://lf16-tiktok-web.tiktokcdn-us.com/obj/tiktok-web-tx/tiktok/webapp/main/react-v18/webapp-desktop/static/js/webapp-desktop.e3f526d4.js:0
[     544ms] [WARNING] AppContext will be overwritten @ https://lf16-tiktok-web.tiktokcdn-us.com/obj/tiktok-web-tx/tiktok/webapp/main/react-v18/webapp-desktop/static/js/webapp-desktop.e3f526d4.js:0
[     544ms] [WARNING] AppContext will be overwritten @ https://lf16-tiktok-web.tiktokcdn-us.com/obj/tiktok-web-tx/tiktok/webapp/main/react-v18/webapp-desktop/static/js/webapp-desktop.e3f526d4.js:0
[     552ms] [WARNING] AppContext will be overwritten @ https://lf16-tiktok-web.tiktokcdn-us.com/obj/tiktok-web-tx/tiktok/webapp/main/react-v18/webapp-desktop/static/js/webapp-desktop.e3f526d4.js:0
[     554ms] [WARNING] AppContext will be overwritten @ https://lf16-tiktok-web.tiktokcdn-us.com/obj/tiktok-web-tx/tiktok/webapp/main/react-v18/webapp-desktop/static/js/webapp-desktop.e3f526d4.js:0
[     554ms] [WARNING] loadable: `loadableReady()` requires state, please use `getScriptTags` or `getScriptElements` server-side @ https://lf16-tiktok-web.tiktokcdn-us.com/obj/tiktok-web-tx/tiktok/webapp/main/react-v18/webapp-desktop/static/js/99593.2fe8cbb1.js:1
[     748ms] [WARNING] [00:00.740][warn][controller](1) NotAllowedError: play() failed because the user didn't interact with the document first. https://goo.gl/xX8pDD @ https://lf16-tiktok-web.tiktokcdn-us.com/obj/tiktok-web-tx/tiktok/webapp/main/react-v18/webapp-desktop/static/js/async/30846.1e766293.js:0
[     763ms] [WARNING] Unmuting failed and the element was paused instead because the user didn't interact with the document before. https://goo.gl/xX8pDD @ https://lf16-tiktok-web.tiktokcdn-us.com/obj/tiktok-web-tx/tiktok/webapp/main/react-v18/webapp-desktop/static/js/async/30846.1e766293.js:0
[     765ms] [WARNING] [00:00.757][warn][controller](1) AbortError: The play() request was interrupted by a call to pause(). https://goo.gl/LdLk22 @ https://lf16-tiktok-web.tiktokcdn-us.com/obj/tiktok-web-tx/tiktok/webapp/main/react-v18/webapp-desktop/static/js/async/30846.1e766293.js:0
[     765ms] [WARNING] [00:00.757][warn][controller](1) AbortError: The play() request was interrupted by a call to pause(). https://goo.gl/LdLk22 @ https://lf16-tiktok-web.tiktokcdn-us.com/obj/tiktok-web-tx/tiktok/webapp/main/react-v18/webapp-desktop/static/js/async/30846.1e766293.js:0
[     802ms] [INFO] . @ https://lf16-tiktok-web.tiktokcdn-us.com/obj/tiktok-web-tx/webmssdk/2.0.0.485/webmssdk.js:0
[    1178ms] [WARNING] [TikTok desktop app SDK Monitor]:   WARN:[printFirstFeedShow]The current environment is not inside the client. @ https://lf16-tiktok-web.tiktokcdn-us.com/obj/tiktok-web-tx/tiktok/webapp/main/react-v18/webapp-desktop/static/js/webapp-desktop.e3f526d4.js:0
[    1611ms] [ERROR] Failed to load resource: the server responded with a status of 400 () @ https://www.tiktok.com/api/inbox/notice_count/?WebIdLastTime=1776214342&aid=1988&app_language=en&app_name=tiktok_web&browser_language=en-US&browser_name=Mozilla&browser_online=true&browser_platform=Win32&browser_version=5.0%20%28Windows%20NT%2010.0%3B%20Win64%3B%20x64%29%20AppleWebKit%2F537.36%20%28KHTML%2C%20like%20Gecko%29%20Chrome%2F147.0.0.0%20Safari%2F537.36&channel=tiktok_web&cookie_enabled=true&data_collection_enabled=false&device_id=7628782485401290254&device_platform=web_pc&focus_state=true&from_page=video&history_len=6&is_fullscreen=false&is_page_visible=true&odinId=7628782489042289677&os=windows&priority_region=&referer=&region=US&screen_height=2560&screen_width=1440&tz_name=America%2FNew_York&user_is_login=false&webcast_language=en:0
[    1709ms] [LOG] ws.opened @ https://lf16-tiktok-web.tiktokcdn-us.com/obj/tiktok-web-tx/tiktok/webapp/main/react-v18/webapp-desktop/static/js/async/64887.aa44c2fe.js:1
[    1711ms] Uncaught (in promise) TypeError: a.init is not a function
    at <anonymous> (https://lf16-tiktok-web.tiktokcdn-us.com/obj/tiktok-web-tx/tiktok/webapp/main/react-v18/webapp-desktop/static/js/async/64887.aa44c2fe.js:1:544225)
    at l (https://lf16-tiktok-web.tiktokcdn-us.com/obj/tiktok-web-tx/tiktok/webapp/main/react-v18/webapp-desktop/static/js/async/64887.aa44c2fe.js:1:537319)
    at <anonymous> (https://lf16-tiktok-web.tiktokcdn-us.com/obj/tiktok-web-tx/tiktok/webapp/main/react-v18/webapp-desktop/static/js/async/64887.aa44c2fe.js:1:538676)
    at <anonymous> (https://lf16-tiktok-web.tiktokcdn-us.com/obj/tiktok-web-tx/tiktok/webapp/main/react-v18/webapp-desktop/static/js/async/64887.aa44c2fe.js:1:537712)
    at <anonymous> (https://lf16-tiktok-web.tiktokcdn-us.com/obj/tiktok-web-tx/tiktok/webapp/main/react-v18/webapp-desktop/static/js/99593.2fe8cbb1.js:1:219491)
    at p (https://lf16-tiktok-web.tiktokcdn-us.com/obj/tiktok-web-tx/tiktok/webapp/main/react-v18/webapp-desktop/static/js/99593.2fe8cbb1.js:1:219240)
    at value (https://lf16-tiktok-web.tiktokcdn-us.com/obj/tiktok-web-tx/tiktok/webapp/main/react-v18/webapp-desktop/static/js/async/64887.aa44c2fe.js:1:543765)
    at value (https://lf16-tiktok-web.tiktokcdn-us.com/obj/tiktok-web-tx/tiktok/webapp/main/react-v18/webapp-desktop/static/js/async/64887.aa44c2fe.js:1:543644)
    at <anonymous> (https://lf16-tiktok-web.tiktokcdn-us.com/obj/tiktok-web-tx/tiktok/webapp/main/react-v18/webapp-desktop/static/js/async/64887.aa44c2fe.js:1:616432)
    at l (https://lf16-tiktok-web.tiktokcdn-us.com/obj/tiktok-web-tx/tiktok/webapp/main/react-v18/webapp-desktop/static/js/async/64887.aa44c2fe.js:1:608621)
    at <anonymous> (https://lf16-tiktok-web.tiktokcdn-us.com/obj/tiktok-web-tx/tiktok/webapp/main/react-v18/webapp-desktop/static/js/async/64887.aa44c2fe.js:1:609978)
    at <anonymous> (https://lf16-tiktok-web.tiktokcdn-us.com/obj/tiktok-web-tx/tiktok/webapp/main/react-v18/webapp-desktop/static/js/async/64887.aa44c2fe.js:1:609014)
    at a (https://lf16-tiktok-web.tiktokcdn-us.com/obj/tiktok-web-tx/tiktok/webapp/main/react-v18/webapp-desktop/static/js/99593.2fe8cbb1.js:1:219296)
[    2150ms] [WARNING] InvalidCharacterError: Failed to execute 'atob' on 'Window': The string to be decoded is not correctly encoded.
    at i (https://lf16-tiktok-web.tiktokcdn-us.com/obj/tiktok-web-tx/tiktok/webapp/main/react-v18/webapp-desktop/static/js/async/24640.5cb8196b.js:1:114586)
    at e.getLoginContext (https://lf16-tiktok-web.tiktokcdn-us.com/obj/tiktok-web-tx/tiktok/webapp/main/react-v18/webapp-desktop/static/js/async/24640.5cb8196b.js:1:39533)
    at https://lf16-tiktok-web.tiktokcdn-us.com/obj/tiktok-web-tx/tiktok/webapp/main/react-v18/webapp-desktop/static/js/async/24640.5cb8196b.js:1:35511
    at v (https://lf16-tiktok-web.tiktokcdn-us.com/obj/tiktok-web-tx/tiktok/webapp/main/react-v18/webapp-desktop/static/js/npm-rxjs.142286d3.js:1:26341)
    at d (https://lf16-tiktok-web.tiktokcdn-us.com/obj/tiktok-web-tx/tiktok/webapp/main/react-v18/webapp-desktop/static/js/npm-rxjs.142286d3.js:1:26289)
    at c._next (https://lf16-tiktok-web.tiktokcdn-us.com/obj/tiktok-web-tx/tiktok/webapp/main/react-v18/webapp-desktop/static/js/npm-rxjs.142286d3.js:1:19650)
    at r.next (https://lf16-tiktok-web.tiktokcdn-us.com/obj/tiktok-web-tx/tiktok/webapp/main/react-v18/webapp-desktop/static/js/npm-rxjs.142286d3.js:1:7391)
    at https://lf16-tiktok-web.tiktokcdn-us.com/obj/tiktok-web-tx/tiktok/webapp/main/react-v18/webapp-desktop/static/js/npm-rxjs.142286d3.js:1:25643
    at c._next (https://lf16-tiktok-web.tiktokcdn-us.com/obj/tiktok-web-tx/tiktok/webapp/main/react-v18/webapp-desktop/static/js/npm-rxjs.142286d3.js:1:19650)
    at r.next (https://lf16-tiktok-web.tiktokcdn-us.com/obj/tiktok-web-tx/tiktok/webapp/main/react-v18/webapp-desktop/static/js/npm-rxjs.142286d3.js:1:7391) @ https://lf16-tiktok-web.tiktokcdn-us.com/obj/tiktok-web-tx/tiktok/webapp/main/react-v18/webapp-desktop/static/js/async/24640.5cb8196b.js:0
[    2851ms] [ERROR] The Content Security Policy directive 'upgrade-insecure-requests' is ignored when delivered in a report-only policy. @ https://lf16-tiktok-web.tiktokcdn-us.com/obj/tiktok-web-tx/webmssdk/2.0.0.485/webmssdk.js:0
[    2852ms] [ERROR] The Content Security Policy directive 'upgrade-insecure-requests' is ignored when delivered in a report-only policy. @ https://lf16-tiktok-web.tiktokcdn-us.com/obj/tiktok-web-tx/webmssdk/2.0.0.485/webmssdk.js:0
[    2869ms] [ERROR] The Content Security Policy directive 'upgrade-insecure-requests' is ignored when delivered in a report-only policy. @ https://lf16-tiktok-web.tiktokcdn-us.com/obj/tiktok-web-tx/webmssdk/2.0.0.485/webmssdk.js:0
[    2870ms] [ERROR] The Content Security Policy directive 'upgrade-insecure-requests' is ignored when delivered in a report-only policy. @ https://lf16-tiktok-web.tiktokcdn-us.com/obj/tiktok-web-tx/webmssdk/2.0.0.485/webmssdk.js:0
[    3003ms] [ERROR] The Content Security Policy directive 'upgrade-insecure-requests' is ignored when delivered in a report-only policy. @ https://lf16-tiktok-web.tiktokcdn-us.com/obj/tiktok-web-tx/webmssdk/2.0.0.485/webmssdk.js:0
[    3004ms] [ERROR] The Content Security Policy directive 'upgrade-insecure-requests' is ignored when delivered in a report-only policy. @ https://lf16-tiktok-web.tiktokcdn-us.com/obj/tiktok-web-tx/webmssdk/2.0.0.485/webmssdk.js:0
[    3021ms] [ERROR] The Content Security Policy directive 'upgrade-insecure-requests' is ignored when delivered in a report-only policy. @ https://lf16-tiktok-web.tiktokcdn-us.com/obj/tiktok-web-tx/webmssdk/2.0.0.485/webmssdk.js:0
[    3022ms] [ERROR] The Content Security Policy directive 'upgrade-insecure-requests' is ignored when delivered in a report-only policy. @ https://lf16-tiktok-web.tiktokcdn-us.com/obj/tiktok-web-tx/webmssdk/2.0.0.485/webmssdk.js:0
[    4151ms] [ERROR] The Content Security Policy directive 'upgrade-insecure-requests' is ignored when delivered in a report-only policy. @ https://lf16-tiktok-web.tiktokcdn-us.com/obj/tiktok-web-tx/webmssdk_ex/2.0.0.1432/webmssdk_ex.js:0
[    4152ms] [ERROR] The Content Security Policy directive 'upgrade-insecure-requests' is ignored when delivered in a report-only policy. @ https://lf16-tiktok-web.tiktokcdn-us.com/obj/tiktok-web-tx/webmssdk_ex/2.0.0.1432/webmssdk_ex.js:0
[    4170ms] [ERROR] The Content Security Policy directive 'upgrade-insecure-requests' is ignored when delivered in a report-only policy. @ https://lf16-tiktok-web.tiktokcdn-us.com/obj/tiktok-web-tx/webmssdk_ex/2.0.0.1432/webmssdk_ex.js:0
[    4171ms] [ERROR] The Content Security Policy directive 'upgrade-insecure-requests' is ignored when delivered in a report-only policy. @ https://lf16-tiktok-web.tiktokcdn-us.com/obj/tiktok-web-tx/webmssdk_ex/2.0.0.1432/webmssdk_ex.js:0
[    4342ms] [ERROR] The Content Security Policy directive 'upgrade-insecure-requests' is ignored when delivered in a report-only policy. @ https://lf16-tiktok-web.tiktokcdn-us.com/obj/tiktok-web-tx/webmssdk_ex/2.0.0.1432/webmssdk_ex.js:0
[    4343ms] [ERROR] The Content Security Policy directive 'upgrade-insecure-requests' is ignored when delivered in a report-only policy. @ https://lf16-tiktok-web.tiktokcdn-us.com/obj/tiktok-web-tx/webmssdk_ex/2.0.0.1432/webmssdk_ex.js:0
[    4359ms] [ERROR] The Content Security Policy directive 'upgrade-insecure-requests' is ignored when delivered in a report-only policy. @ https://lf16-tiktok-web.tiktokcdn-us.com/obj/tiktok-web-tx/webmssdk_ex/2.0.0.1432/webmssdk_ex.js:0
[    4360ms] [ERROR] The Content Security Policy directive 'upgrade-insecure-requests' is ignored when delivered in a report-only policy. @ https://lf16-tiktok-web.tiktokcdn-us.com/obj/tiktok-web-tx/webmssdk_ex/2.0.0.1432/webmssdk_ex.js:0
