[     494ms] [ERROR] WebSocket connection to 'ws://localhost:18793/ws/meeting-recording' failed: Error during WebSocket handshake: Unexpected response code: 404 @ http://localhost:5173/assets/index-JB-Xg3G_.js:866
[    1803ms] [ERROR] WebSocket connection to 'ws://localhost:18793/ws/meeting-recording' failed: Error during WebSocket handshake: Unexpected response code: 404 @ http://localhost:5173/assets/index-JB-Xg3G_.js:866
[    4133ms] [ERROR] WebSocket connection to 'ws://localhost:18793/ws/meeting-recording' failed: Error during WebSocket handshake: Unexpected response code: 404 @ http://localhost:5173/assets/index-JB-Xg3G_.js:866
[    8452ms] [ERROR] WebSocket connection to 'ws://localhost:18793/ws/meeting-recording' failed: Error during WebSocket handshake: Unexpected response code: 404 @ http://localhost:5173/assets/index-JB-Xg3G_.js:866
[   16782ms] [ERROR] WebSocket connection to 'ws://localhost:18793/ws/meeting-recording' failed: Error during WebSocket handshake: Unexpected response code: 404 @ http://localhost:5173/assets/index-JB-Xg3G_.js:866
[   33117ms] [ERROR] WebSocket connection to 'ws://localhost:18793/ws/meeting-recording' failed: Error during WebSocket handshake: Unexpected response code: 404 @ http://localhost:5173/assets/index-JB-Xg3G_.js:866
[   63460ms] [ERROR] WebSocket connection to 'ws://localhost:18793/ws/meeting-recording' failed: Error during WebSocket handshake: Unexpected response code: 404 @ http://localhost:5173/assets/index-JB-Xg3G_.js:866
[   93784ms] [ERROR] WebSocket connection to 'ws://localhost:18793/ws/meeting-recording' failed: Error during WebSocket handshake: Unexpected response code: 404 @ http://localhost:5173/assets/index-JB-Xg3G_.js:866
[  124104ms] [ERROR] WebSocket connection to 'ws://localhost:18793/ws/meeting-recording' failed: Error during WebSocket handshake: Unexpected response code: 404 @ http://localhost:5173/assets/index-JB-Xg3G_.js:866
[  154428ms] [ERROR] WebSocket connection to 'ws://localhost:18793/ws/meeting-recording' failed: Error during WebSocket handshake: Unexpected response code: 404 @ http://localhost:5173/assets/index-JB-Xg3G_.js:866
[  184743ms] [ERROR] WebSocket connection to 'ws://localhost:18793/ws/meeting-recording' failed: Error during WebSocket handshake: Unexpected response code: 404 @ http://localhost:5173/assets/index-JB-Xg3G_.js:866
[  215064ms] [ERROR] WebSocket connection to 'ws://localhost:18793/ws/meeting-recording' failed: Error during WebSocket handshake: Unexpected response code: 404 @ http://localhost:5173/assets/index-JB-Xg3G_.js:866
[  245380ms] [ERROR] WebSocket connection to 'ws://localhost:18793/ws/meeting-recording' failed: Error during WebSocket handshake: Unexpected response code: 404 @ http://localhost:5173/assets/index-JB-Xg3G_.js:866
[  275707ms] [ERROR] WebSocket connection to 'ws://localhost:18793/ws/meeting-recording' failed: Error during WebSocket handshake: Unexpected response code: 404 @ http://localhost:5173/assets/index-JB-Xg3G_.js:866
[  306031ms] [ERROR] WebSocket connection to 'ws://localhost:18793/ws/meeting-recording' failed: Error during WebSocket handshake: Unexpected response code: 404 @ http://localhost:5173/assets/index-JB-Xg3G_.js:866
[  336350ms] [ERROR] WebSocket connection to 'ws://localhost:18793/ws/meeting-recording' failed: Error during WebSocket handshake: Unexpected response code: 404 @ http://localhost:5173/assets/index-JB-Xg3G_.js:866
[  366677ms] [ERROR] WebSocket connection to 'ws://localhost:18793/ws/meeting-recording' failed: Error during WebSocket handshake: Unexpected response code: 404 @ http://localhost:5173/assets/index-JB-Xg3G_.js:866
[  396988ms] [ERROR] WebSocket connection to 'ws://localhost:18793/ws/meeting-recording' failed: Error during WebSocket handshake: Unexpected response code: 404 @ http://localhost:5173/assets/index-JB-Xg3G_.js:866
[  427307ms] [ERROR] WebSocket connection to 'ws://localhost:18793/ws/meeting-recording' failed: Error during WebSocket handshake: Unexpected response code: 404 @ http://localhost:5173/assets/index-JB-Xg3G_.js:866
[  457629ms] [ERROR] WebSocket connection to 'ws://localhost:18793/ws/meeting-recording' failed: Error during WebSocket handshake: Unexpected response code: 404 @ http://localhost:5173/assets/index-JB-Xg3G_.js:866
[  487936ms] [ERROR] WebSocket connection to 'ws://localhost:18793/ws/meeting-recording' failed: Error during WebSocket handshake: Unexpected response code: 404 @ http://localhost:5173/assets/index-JB-Xg3G_.js:866
[  518258ms] [ERROR] WebSocket connection to 'ws://localhost:18793/ws/meeting-recording' failed: Error during WebSocket handshake: Unexpected response code: 404 @ http://localhost:5173/assets/index-JB-Xg3G_.js:866
[  548571ms] [ERROR] WebSocket connection to 'ws://localhost:18793/ws/meeting-recording' failed: Error during WebSocket handshake: Unexpected response code: 404 @ http://localhost:5173/assets/index-JB-Xg3G_.js:866
[  578886ms] [ERROR] WebSocket connection to 'ws://localhost:18793/ws/meeting-recording' failed: Error during WebSocket handshake: Unexpected response code: 404 @ http://localhost:5173/assets/index-JB-Xg3G_.js:866
[  609213ms] [ERROR] WebSocket connection to 'ws://localhost:18793/ws/meeting-recording' failed: Error during WebSocket handshake: Unexpected response code: 404 @ http://localhost:5173/assets/index-JB-Xg3G_.js:866
[  639535ms] [ERROR] WebSocket connection to 'ws://localhost:18793/ws/meeting-recording' failed: Error during WebSocket handshake: Unexpected response code: 404 @ http://localhost:5173/assets/index-JB-Xg3G_.js:866
[  669854ms] [ERROR] WebSocket connection to 'ws://localhost:18793/ws/meeting-recording' failed: Error during WebSocket handshake: Unexpected response code: 404 @ http://localhost:5173/assets/index-JB-Xg3G_.js:866
[  700179ms] [ERROR] WebSocket connection to 'ws://localhost:18793/ws/meeting-recording' failed: Error during WebSocket handshake: Unexpected response code: 404 @ http://localhost:5173/assets/index-JB-Xg3G_.js:866
[  730492ms] [ERROR] WebSocket connection to 'ws://localhost:18793/ws/meeting-recording' failed: Error during WebSocket handshake: Unexpected response code: 404 @ http://localhost:5173/assets/index-JB-Xg3G_.js:866
[  760808ms] [ERROR] WebSocket connection to 'ws://localhost:18793/ws/meeting-recording' failed: Error during WebSocket handshake: Unexpected response code: 404 @ http://localhost:5173/assets/index-JB-Xg3G_.js:866
[  791130ms] [ERROR] WebSocket connection to 'ws://localhost:18793/ws/meeting-recording' failed: Error during WebSocket handshake: Unexpected response code: 404 @ http://localhost:5173/assets/index-JB-Xg3G_.js:866
[  821452ms] [ERROR] WebSocket connection to 'ws://localhost:18793/ws/meeting-recording' failed: Error during WebSocket handshake: Unexpected response code: 404 @ http://localhost:5173/assets/index-JB-Xg3G_.js:866
[  851770ms] [ERROR] WebSocket connection to 'ws://localhost:18793/ws/meeting-recording' failed: Error during WebSocket handshake: Unexpected response code: 404 @ http://localhost:5173/assets/index-JB-Xg3G_.js:866
[  882098ms] [ERROR] WebSocket connection to 'ws://localhost:18793/ws/meeting-recording' failed: Error during WebSocket handshake: Unexpected response code: 404 @ http://localhost:5173/assets/index-JB-Xg3G_.js:866
[  912422ms] [ERROR] WebSocket connection to 'ws://localhost:18793/ws/meeting-recording' failed: Error during WebSocket handshake: Unexpected response code: 404 @ http://localhost:5173/assets/index-JB-Xg3G_.js:866
[  942741ms] [ERROR] WebSocket connection to 'ws://localhost:18793/ws/meeting-recording' failed: Error during WebSocket handshake: Unexpected response code: 404 @ http://localhost:5173/assets/index-JB-Xg3G_.js:866
[  973054ms] [ERROR] WebSocket connection to 'ws://localhost:18793/ws/meeting-recording' failed: Error during WebSocket handshake: Unexpected response code: 404 @ http://localhost:5173/assets/index-JB-Xg3G_.js:866
[ 1003368ms] [ERROR] WebSocket connection to 'ws://localhost:18793/ws/meeting-recording' failed: Error during WebSocket handshake: Unexpected response code: 404 @ http://localhost:5173/assets/index-JB-Xg3G_.js:866
[ 1033691ms] [ERROR] WebSocket connection to 'ws://localhost:18793/ws/meeting-recording' failed: Error during WebSocket handshake: Unexpected response code: 404 @ http://localhost:5173/assets/index-JB-Xg3G_.js:866
[ 1066057ms] [ERROR] WebSocket connection to 'ws://localhost:18793/ws/meeting-recording' failed: Error in connection establishment: net::ERR_CONNECTION_REFUSED @ http://localhost:5173/assets/index-JB-Xg3G_.js:866
[ 1271657ms] [ERROR] Failed to load resource: the server responded with a status of 502 (Bad Gateway) @ http://localhost:5173/api/assistant/notifications/count:0
[ 1272662ms] [ERROR] Failed to load resource: the server responded with a status of 502 (Bad Gateway) @ http://localhost:5173/api/assistant/notifications/count:0
