[   14149ms] [ERROR] Failed to load resource: the server responded with a status of 404 (Not Found) @ http://localhost:5173/api/meeting-summaries/1e5f8f9061a042c486d79fde1f0f1f4d:0
[   15164ms] [ERROR] Failed to load resource: the server responded with a status of 404 (Not Found) @ http://localhost:5173/api/meeting-summaries/1e5f8f9061a042c486d79fde1f0f1f4d:0
[   17177ms] [ERROR] Failed to load resource: the server responded with a status of 404 (Not Found) @ http://localhost:5173/api/meeting-summaries/1e5f8f9061a042c486d79fde1f0f1f4d:0
[   21191ms] [ERROR] Failed to load resource: the server responded with a status of 404 (Not Found) @ http://localhost:5173/api/meeting-summaries/1e5f8f9061a042c486d79fde1f0f1f4d:0
[   30249ms] [ERROR] WebSocket connection to 'ws://localhost:18793/ws/meeting-live-transcript' failed: Error during WebSocket handshake: Unexpected response code: 403 @ http://localhost:5173/assets/index-Biw8u9Ki.js:866
[   31555ms] [ERROR] WebSocket connection to 'ws://localhost:18793/ws/meeting-live-transcript' failed: Error during WebSocket handshake: Unexpected response code: 403 @ http://localhost:5173/assets/index-Biw8u9Ki.js:866
[   33879ms] [ERROR] WebSocket connection to 'ws://localhost:18793/ws/meeting-live-transcript' failed: Error during WebSocket handshake: Unexpected response code: 403 @ http://localhost:5173/assets/index-Biw8u9Ki.js:866
[   38188ms] [ERROR] WebSocket connection to 'ws://localhost:18793/ws/meeting-live-transcript' failed: Error during WebSocket handshake: Unexpected response code: 403 @ http://localhost:5173/assets/index-Biw8u9Ki.js:866
[   46510ms] [ERROR] WebSocket connection to 'ws://localhost:18793/ws/meeting-live-transcript' failed: Error during WebSocket handshake: Unexpected response code: 403 @ http://localhost:5173/assets/index-Biw8u9Ki.js:866
[   62829ms] [ERROR] WebSocket connection to 'ws://localhost:18793/ws/meeting-live-transcript' failed: Error during WebSocket handshake: Unexpected response code: 403 @ http://localhost:5173/assets/index-Biw8u9Ki.js:866
[   93138ms] [ERROR] WebSocket connection to 'ws://localhost:18793/ws/meeting-live-transcript' failed: Error during WebSocket handshake: Unexpected response code: 403 @ http://localhost:5173/assets/index-Biw8u9Ki.js:866
[  123465ms] [ERROR] WebSocket connection to 'ws://localhost:18793/ws/meeting-live-transcript' failed: Error during WebSocket handshake: Unexpected response code: 403 @ http://localhost:5173/assets/index-Biw8u9Ki.js:866
[  153776ms] [ERROR] WebSocket connection to 'ws://localhost:18793/ws/meeting-live-transcript' failed: Error during WebSocket handshake: Unexpected response code: 403 @ http://localhost:5173/assets/index-Biw8u9Ki.js:866
[  184100ms] [ERROR] WebSocket connection to 'ws://localhost:18793/ws/meeting-live-transcript' failed: Error during WebSocket handshake: Unexpected response code: 403 @ http://localhost:5173/assets/index-Biw8u9Ki.js:866
[  214405ms] [ERROR] WebSocket connection to 'ws://localhost:18793/ws/meeting-live-transcript' failed: Error during WebSocket handshake: Unexpected response code: 403 @ http://localhost:5173/assets/index-Biw8u9Ki.js:866
[  244720ms] [ERROR] WebSocket connection to 'ws://localhost:18793/ws/meeting-live-transcript' failed: Error during WebSocket handshake: Unexpected response code: 403 @ http://localhost:5173/assets/index-Biw8u9Ki.js:866
[  275041ms] [ERROR] WebSocket connection to 'ws://localhost:18793/ws/meeting-live-transcript' failed: Error during WebSocket handshake: Unexpected response code: 403 @ http://localhost:5173/assets/index-Biw8u9Ki.js:866
[  305356ms] [ERROR] WebSocket connection to 'ws://localhost:18793/ws/meeting-live-transcript' failed: Error during WebSocket handshake: Unexpected response code: 403 @ http://localhost:5173/assets/index-Biw8u9Ki.js:866
[  335680ms] [ERROR] WebSocket connection to 'ws://localhost:18793/ws/meeting-live-transcript' failed: Error during WebSocket handshake: Unexpected response code: 403 @ http://localhost:5173/assets/index-Biw8u9Ki.js:866
[  365987ms] [ERROR] WebSocket connection to 'ws://localhost:18793/ws/meeting-live-transcript' failed: Error during WebSocket handshake: Unexpected response code: 403 @ http://localhost:5173/assets/index-Biw8u9Ki.js:866
[  396302ms] [ERROR] WebSocket connection to 'ws://localhost:18793/ws/meeting-live-transcript' failed: Error during WebSocket handshake: Unexpected response code: 403 @ http://localhost:5173/assets/index-Biw8u9Ki.js:866
[  426624ms] [ERROR] WebSocket connection to 'ws://localhost:18793/ws/meeting-live-transcript' failed: Error during WebSocket handshake: Unexpected response code: 403 @ http://localhost:5173/assets/index-Biw8u9Ki.js:866
[  453188ms] [ERROR] WebSocket connection to 'ws://localhost:18793/ws/meeting-recording' failed: Error in connection establishment: net::ERR_CONNECTION_REFUSED @ http://localhost:5173/assets/index-Biw8u9Ki.js:866
[  457567ms] [ERROR] WebSocket connection to 'ws://localhost:18793/ws/meeting-recording' failed: Error in connection establishment: net::ERR_CONNECTION_REFUSED @ http://localhost:5173/assets/index-Biw8u9Ki.js:866
[  459634ms] [ERROR] WebSocket connection to 'ws://localhost:18793/ws/meeting-live-transcript' failed: Error in connection establishment: net::ERR_CONNECTION_REFUSED @ http://localhost:5173/assets/index-Biw8u9Ki.js:866
[  463937ms] [ERROR] WebSocket connection to 'ws://localhost:18793/ws/meeting-recording' failed: Error in connection establishment: net::ERR_CONNECTION_REFUSED @ http://localhost:5173/assets/index-Biw8u9Ki.js:866
