To honour the JVM settings for this build a single-use Daemon process will be forked. For more on this, please refer to https://docs.gradle.org/8.10/userguide/gradle_daemon.html#sec:disabling_the_daemon in the Gradle documentation.
Daemon will be stopped at the end of the build 
> Task :app:preBuild UP-TO-DATE
> Task :app:preDebugBuild UP-TO-DATE
> Task :app:mergeDebugNativeDebugMetadata NO-SOURCE
> Task :app:checkKotlinGradlePluginConfigurationErrors SKIPPED
> Task :app:generateDebugBuildConfig
> Task :app:generateDebugResValues
> Task :app:checkDebugAarMetadata
> Task :app:mapDebugSourceSetPaths
> Task :app:generateDebugResources
> Task :app:packageDebugResources
> Task :app:createDebugCompatibleScreenManifests
> Task :app:extractDeepLinksDebug
> Task :app:parseDebugLocalResources
> Task :app:mergeDebugResources
> Task :app:processDebugMainManifest
> Task :app:processDebugManifest
> Task :app:javaPreCompileDebug
> Task :app:mergeDebugShaders
> Task :app:compileDebugShaders NO-SOURCE
> Task :app:generateDebugAssets UP-TO-DATE
> Task :app:mergeDebugAssets
> Task :app:desugarDebugFileDependencies
> Task :app:compressDebugAssets
> Task :app:mergeDebugJniLibFolders
> Task :app:checkDebugDuplicateClasses
> Task :app:mergeDebugNativeLibs
> Task :app:mergeLibDexDebug
> Task :app:validateSigningDebug
> Task :app:writeDebugAppMetadata

> Task :app:stripDebugDebugSymbols
Unable to strip the following libraries, packaging them as they are: libairbridge_jni.so, libairshield_light_mbed_jni.so, libc++_shared.so, libconnection_jni.so, libdatax_jni.so, libdouble-conversion.so, libfb.so, libfbjni.so, libfbjni_kt.so, libfbsofterror.so, libfmt.so, libglog.so, libimage_processing_util_jni.so, libmanifest_jni.so, libsession_jni.so, libwearable_qpl3p.so, libxplat_mobilenetwork_third-party_mbedtls3_cryptoAndroid.so, libxplat_perflogger_base_baseAndroid.so, libxplat_perflogger_base_qpl_codegen_metadataAndroid.so, libxplat_perflogger_conversions_conversionsAndroid.so, libxplat_perflogger_health_counters_health_countersAndroid.so, libxplat_perflogger_perfloggerAndroid.so, libxplat_perflogger_safe_rollout_qpl_safe_rolloutAndroid.so, libxplat_perflogger_structured_data_structured_dataAndroid.so, libxplat_perflogger_synchronization_synchronizationAndroid.so, libxplat_perflogger_utils_utilsAndroid.so, libxplat_secure_lib_secure_stringAndroid.so, libxplat_wearable_3p_qpl_3PQPL.so, libxplat_wearable_comms_calling_hera_engine_configurations_protobuf_nanopbwrapper_supportlibAndroid.so, libxplat_wearable_comms_calling_hera_shared_audio_audioAndroid.so, libxplat_wearable_comms_calling_hera_shared_link_linkAndroid.so, libxplat_wearable_comms_calling_hera_shared_logging_loggingAndroid.so, libxplat_wearable_comms_calling_hera_shared_media_mediaAndroid.so, libxplat_wearable_comms_calling_hera_shared_video_passthrough_passthroughAndroid.so, libxplat_wearable_comms_calling_hera_shared_video_videoAndroid.so, libxplat_wearable_warp_core_api_impl_media_mediaAndroid.so, libxplat_wearable_warp_core_api_impl_transport_device_transport_deviceAndroid.so, libxplat_wearable_warp_core_api_impl_transport_transportAndroid.so, libxplat_wearable_warp_core_impl_audio_passthrough_audio_passthroughAndroid.so, libxplat_wearable_warp_core_impl_media_mediaAndroid.so, libxplat_wearable_warp_core_impl_observability_committers_null_committersAndroid.so, libxplat_wearable_warp_core_impl_observability_observabilityAndroid.so, libxplat_wearable_warp_core_impl_observability_sessions_sessionsAndroid.so, libxplat_wearable_warp_core_impl_transport_device_connection_device_connectionAndroid.so, libxplat_wearable_warp_core_impl_transport_dnia_dniaAndroid.so, libxplat_wearable_warp_core_impl_transport_queue_queueAndroid.so, libxplat_wearable_warp_core_impl_video_passthrough_video_passthroughAndroid.so, libxplat_wearable_warp_core_os_android_telemetry_atc_null_atc_telemetryAndroid.so, libxplat_wearable_warp_utils_analytics_media_mediaAndroid.so, libxplat_wearable_warp_utils_clock_clockAndroid.so, libxplat_wearable_warp_utils_event_eventAndroid.so, libxplat_wearable_warp_utils_h265_parser_null_h265_parser_nullAndroid.so, libxplat_wearable_warp_utils_json_jsonAndroid.so, libxplat_wearable_warp_utils_log_logAndroid.so, libxplat_wearable_warp_utils_math_mathAndroid.so, libxplat_wearable_warp_utils_memory_memoryAndroid.so, libxplat_wearable_warp_utils_threads_platform_thread_scopeAndroid.so, libxplat_wearable_warp_utils_threads_threadsAndroid.so, libxplat_wearable_warp_utils_tslog_null_engine_tslog_null_engineAndroid.so, libxplat_wearable_xms_api_serviceAndroid.so, libxplat_wearable_xms_impl_client_clientAndroid.so, libxplat_wearable_xms_impl_providers_staticaudioconfigprovider_staticaudioconfigproviderAndroid.so, libxplat_wearable_xms_impl_providers_staticvideoconfigprovider_staticvideoconfigproviderAndroid.so, libxplat_wearable_xms_impl_services_activitymanager_activitymanagerAndroid.so, libxplat_wearable_xms_impl_services_controlchannel_controlchannelAndroid.so, libxplat_wearable_xms_impl_services_devicebuildinfo_devicebuildinfoAndroid.so, libxplat_wearable_xms_impl_services_engagement_engagementAndroid.so, libxplat_wearable_xms_impl_services_streamclient_streamclientAndroid.so, libxplat_wearable_xms_impl_services_subscription_subscriptionAndroid.so, libxplat_wearable_xms_impl_services_warpstreamclient_warpstreamclientAndroid.so, libxplat_wearable_xms_impl_session_sessionAndroid.so, libxplat_wearable_xms_impl_utils_serializer_serializerAndroid.so.

> Task :app:writeDebugSigningConfigVersions
> Task :app:processDebugManifestForPackage
> Task :app:processDebugResources
> Task :app:mergeExtDexDebug

> Task :app:compileDebugKotlin
w: file:///C:/code/zero/mobile/zero-wearable-bridge-android/app/src/main/java/com/zero/wearablebridge/PrivacyState.kt:56:25 'val connectionInfo: WifiInfo!' is deprecated. Deprecated in Java.

> Task :app:compileDebugJavaWithJavac
> Task :app:dexBuilderDebug
> Task :app:mergeDebugGlobalSynthetics
> Task :app:processDebugJavaRes
> Task :app:mergeProjectDexDebug
> Task :app:mergeDebugJavaResource
> Task :app:packageDebug
> Task :app:createDebugApkListingFileRedirect
> Task :app:assembleDebug

BUILD SUCCESSFUL in 1m 41s
37 actionable tasks: 37 executed
